2024-03-20 20:02:38 | INFO - Starting Training Process...
2024-03-20 20:02:38 | INFO - model_version: RAUNENet
2024-03-20 20:02:38 | INFO - samples_dir: samples/RAUNENet/experiment
2024-03-20 20:02:38 | INFO - checkpoint_dir: checkpoints/RAUNENet/experiment/
2024-03-20 20:02:38 | INFO - log_dir: checkpoints/RAUNENet/experiment/logs
2024-03-20 20:02:38 | INFO - tensorboard_log_dir: runs/RAUNENet/experiment
2024-03-20 20:02:38 | INFO - cfg_file: configs/train_lsui3879.yaml
2024-03-20 20:02:38 | INFO - name: experiment
2024-03-20 20:02:38 | INFO - epoch: 0
2024-03-20 20:02:38 | INFO - iteration: 0
2024-03-20 20:02:38 | INFO - num_epochs: 100
2024-03-20 20:02:38 | INFO - batch_size: 8
2024-03-20 20:02:38 | INFO - lr: 0.0001
2024-03-20 20:02:38 | INFO - pcont_weight: 1
2024-03-20 20:02:38 | INFO - ssim_weight: 1
2024-03-20 20:02:38 | INFO - scont_weight: 0
2024-03-20 20:02:38 | INFO - seed: 2023
2024-03-20 20:02:38 | INFO - num_down: 2
2024-03-20 20:02:38 | INFO - num_blocks: 3
2024-03-20 20:02:38 | INFO - use_att_up: False
2024-03-20 20:02:38 | INFO - use_lr_scheduler: False
2024-03-20 20:02:38 | INFO - dataset_path: /DataA/pwz/workshop/Datasets/LSUI3879
2024-03-20 20:02:38 | INFO - folder_A: input
2024-03-20 20:02:38 | INFO - folder_B: GT
2024-03-20 20:02:38 | INFO - validation_dir: validation
2024-03-20 20:02:38 | INFO - chans: 3
2024-03-20 20:02:38 | INFO - im_width: 256
2024-03-20 20:02:38 | INFO - im_height: 256
2024-03-20 20:02:38 | INFO - val_interval: 500
2024-03-20 20:02:38 | INFO - ckpt_interval: 5
